# JRE version: OpenJDK Runtime Environment (11.0.8+10) (build 11.0.8+10-post-Ubuntu-0ubuntu118.04.1)
# Java VM: OpenJDK 64-Bit Server VM (11.0.8+10-post-Ubuntu-0ubuntu118.04.1, mixed mode, sharing, tiered, compressed oops, g1 gc, linux-amd64)
Heap:
 garbage-first heap   total 489472K, used 235889K [0x00000000c0000000, 0x0000000100000000)
  region size 1024K, 119 young (121856K), 1 survivors (1024K)
 Metaspace       used 10877K, capacity 12657K, committed 12800K, reserved 1060864K
  class space    used 1658K, capacity 1985K, committed 2048K, reserved 1048576K
GC Heap History (20 events):
Event: 508.807 GC heap before
{Heap before GC invocations=1001 (full 2):
 garbage-first heap   total 489472K, used 407925K [0x00000000c0000000, 0x0000000100000000)
  region size 1024K, 286 young (292864K), 1 survivors (1024K)
 Metaspace       used 10870K, capacity 12657K, committed 12800K, reserved 1060864K
  class space    used 1656K, capacity 1985K, committed 2048K, reserved 1048576K
}
Event: 508.808 GC heap after
{Heap after GC invocations=1002 (full 2):
 garbage-first heap   total 489472K, used 116099K [0x00000000c0000000, 0x0000000100000000)
  region size 1024K, 1 young (1024K), 1 survivors (1024K)
 Metaspace       used 10870K, capacity 12657K, committed 12800K, reserved 1060864K
  class space    used 1656K, capacity 1985K, committed 2048K, reserved 1048576K
}
Event: 509.309 GC heap before
{Heap before GC invocations=1002 (full 2):
 garbage-first heap   total 489472K, used 407939K [0x00000000c0000000, 0x0000000100000000)
  region size 1024K, 286 young (292864K), 1 survivors (1024K)
 Metaspace       used 10870K, capacity 12657K, committed 12800K, reserved 1060864K
  class space    used 1656K, capacity 1985K, committed 2048K, reserved 1048576K
}
Event: 509.312 GC heap after
{Heap after GC invocations=1003 (full 2):
 garbage-first heap   total 489472K, used 116077K [0x00000000c0000000, 0x0000000100000000)
  region size 1024K, 1 young (1024K), 1 survivors (1024K)
 Metaspace       used 10870K, capacity 12657K, committed 12800K, reserved 1060864K
  class space    used 1656K, capacity 1985K, committed 2048K, reserved 1048576K
}
Event: 509.828 GC heap before
{Heap before GC invocations=1003 (full 2):
 garbage-first heap   total 489472K, used 407917K [0x00000000c0000000, 0x0000000100000000)
  region size 1024K, 286 young (292864K), 1 survivors (1024K)
 Metaspace       used 10870K, capacity 12657K, committed 12800K, reserved 1060864K
  class space    used 1656K, capacity 1985K, committed 2048K, reserved 1048576K
}
Event: 509.829 GC heap after
{Heap after GC invocations=1004 (full 2):
 garbage-first heap   total 489472K, used 116079K [0x00000000c0000000, 0x0000000100000000)
  region size 1024K, 1 young (1024K), 1 survivors (1024K)
 Metaspace       used 10870K, capacity 12657K, committed 12800K, reserved 1060864K
  class space    used 1656K, capacity 1985K, committed 2048K, reserved 1048576K
}
Event: 510.343 GC heap before
{Heap before GC invocations=1004 (full 2):
 garbage-first heap   total 489472K, used 407919K [0x00000000c0000000, 0x0000000100000000)
  region size 1024K, 286 young (292864K), 1 survivors (1024K)
 Metaspace       used 10870K, capacity 12657K, committed 12800K, reserved 1060864K
  class space    used 1656K, capacity 1985K, committed 2048K, reserved 1048576K
}
Event: 510.345 GC heap after
{Heap after GC invocations=1005 (full 2):
 garbage-first heap   total 489472K, used 116081K [0x00000000c0000000, 0x0000000100000000)
  region size 1024K, 1 young (1024K), 1 survivors (1024K)
 Metaspace       used 10870K, capacity 12657K, committed 12800K, reserved 1060864K
  class space    used 1656K, capacity 1985K, committed 2048K, reserved 1048576K
}
Event: 510.847 GC heap before
{Heap before GC invocations=1005 (full 2):
 garbage-first heap   total 489472K, used 407921K [0x00000000c0000000, 0x0000000100000000)
  region size 1024K, 286 young (292864K), 1 survivors (1024K)
 Metaspace       used 10870K, capacity 12657K, committed 12800K, reserved 1060864K
  class space    used 1656K, capacity 1985K, committed 2048K, reserved 1048576K
}
Event: 510.848 GC heap after
{Heap after GC invocations=1006 (full 2):
 garbage-first heap   total 489472K, used 116083K [0x00000000c0000000, 0x0000000100000000)
  region size 1024K, 1 young (1024K), 1 survivors (1024K)
 Metaspace       used 10870K, capacity 12657K, committed 12800K, reserved 1060864K
  class space    used 1656K, capacity 1985K, committed 2048K, reserved 1048576K
}
Event: 511.359 GC heap before
{Heap before GC invocations=1006 (full 2):
 garbage-first heap   total 489472K, used 407923K [0x00000000c0000000, 0x0000000100000000)
  region size 1024K, 286 young (292864K), 1 survivors (1024K)
 Metaspace       used 10870K, capacity 12657K, committed 12800K, reserved 1060864K
  class space    used 1656K, capacity 1985K, committed 2048K, reserved 1048576K
}
Event: 511.359 GC heap after
{Heap after GC invocations=1007 (full 2):
 garbage-first heap   total 489472K, used 116087K [0x00000000c0000000, 0x0000000100000000)
  region size 1024K, 1 young (1024K), 1 survivors (1024K)
 Metaspace       used 10870K, capacity 12657K, committed 12800K, reserved 1060864K
  class space    used 1656K, capacity 1985K, committed 2048K, reserved 1048576K
}
Event: 511.860 GC heap before
{Heap before GC invocations=1007 (full 2):
 garbage-first heap   total 489472K, used 407927K [0x00000000c0000000, 0x0000000100000000)
  region size 1024K, 286 young (292864K), 1 survivors (1024K)
 Metaspace       used 10870K, capacity 12657K, committed 12800K, reserved 1060864K
  class space    used 1656K, capacity 1985K, committed 2048K, reserved 1048576K
}
Event: 511.861 GC heap after
{Heap after GC invocations=1008 (full 2):
 garbage-first heap   total 489472K, used 116085K [0x00000000c0000000, 0x0000000100000000)
  region size 1024K, 1 young (1024K), 1 survivors (1024K)
 Metaspace       used 10870K, capacity 12657K, committed 12800K, reserved 1060864K
  class space    used 1656K, capacity 1985K, committed 2048K, reserved 1048576K
}
Event: 512.399 GC heap before
{Heap before GC invocations=1008 (full 2):
 garbage-first heap   total 489472K, used 407925K [0x00000000c0000000, 0x0000000100000000)
  region size 1024K, 286 young (292864K), 1 survivors (1024K)
 Metaspace       used 10870K, capacity 12657K, committed 12800K, reserved 1060864K
  class space    used 1656K, capacity 1985K, committed 2048K, reserved 1048576K
}
Event: 512.400 GC heap after
{Heap after GC invocations=1009 (full 2):
 garbage-first heap   total 489472K, used 116087K [0x00000000c0000000, 0x0000000100000000)
  region size 1024K, 1 young (1024K), 1 survivors (1024K)
 Metaspace       used 10870K, capacity 12657K, committed 12800K, reserved 1060864K
  class space    used 1656K, capacity 1985K, committed 2048K, reserved 1048576K
}
Event: 512.892 GC heap before
{Heap before GC invocations=1009 (full 2):
 garbage-first heap   total 489472K, used 407927K [0x00000000c0000000, 0x0000000100000000)
  region size 1024K, 286 young (292864K), 1 survivors (1024K)
 Metaspace       used 10870K, capacity 12657K, committed 12800K, reserved 1060864K
  class space    used 1656K, capacity 1985K, committed 2048K, reserved 1048576K
}
Event: 512.893 GC heap after
{Heap after GC invocations=1010 (full 2):
 garbage-first heap   total 489472K, used 116081K [0x00000000c0000000, 0x0000000100000000)
  region size 1024K, 1 young (1024K), 1 survivors (1024K)
 Metaspace       used 10870K, capacity 12657K, committed 12800K, reserved 1060864K
  class space    used 1656K, capacity 1985K, committed 2048K, reserved 1048576K
}
Event: 513.406 GC heap before
{Heap before GC invocations=1010 (full 2):
 garbage-first heap   total 489472K, used 407921K [0x00000000c0000000, 0x0000000100000000)
  region size 1024K, 286 young (292864K), 1 survivors (1024K)
 Metaspace       used 10870K, capacity 12657K, committed 12800K, reserved 1060864K
  class space    used 1656K, capacity 1985K, committed 2048K, reserved 1048576K
}
Event: 513.407 GC heap after
{Heap after GC invocations=1011 (full 2):
 garbage-first heap   total 489472K, used 116081K [0x00000000c0000000, 0x0000000100000000)
  region size 1024K, 1 young (1024K), 1 survivors (1024K)
 Metaspace       used 10870K, capacity 12657K, committed 12800K, reserved 1060864K
  class space    used 1656K, capacity 1985K, committed 2048K, reserved 1048576K
}

